<?xml version="1.0" encoding="UTF-8"?>
<!-- Generated by org.testng.reporters.JUnitXMLReporter -->
<testsuite hostname="abcd-PC" ignored="0" name="Test" tests="4" failures="0" timestamp="2020-06-26T09:58:09 IST" time="0.059" errors="0">
  <testcase name="test5" time="0.007" classname="Anu.ayush.RestAPITest"/>
  <testcase name="test6" time="0.002" classname="Anu.ayush.RestAPITest"/>
  <testcase name="test1" time="0.001" classname="Anu.ayush.SeleniumTest"/>
  <testcase name="test2" time="0.0" classname="Anu.ayush.SeleniumTest"/>
</testsuite> <!-- Test -->
